# JRE version: Java(TM) SE Runtime Environment (8.0_66-b18) (build 1.8.0_66-b18)
# Java VM: Java HotSpot(TM) 64-Bit Server VM (25.66-b18 mixed mode windows-amd64 compressed oops)
Heap:
 PSYoungGen      total 235008K, used 90430K [0x00000000ed800000, 0x00000000fd980000, 0x0000000100000000)
  eden space 210432K, 35% used [0x00000000ed800000,0x00000000f20b2510,0x00000000fa580000)
  from space 24576K, 65% used [0x00000000fc180000,0x00000000fd11d3e0,0x00000000fd980000)
  to   space 26624K, 0% used [0x00000000fa580000,0x00000000fa580000,0x00000000fbf80000)
 ParOldGen       total 113152K, used 55674K [0x00000000c8800000, 0x00000000cf680000, 0x00000000ed800000)
  object space 113152K, 49% used [0x00000000c8800000,0x00000000cbe5ebd0,0x00000000cf680000)
 Metaspace       used 70473K, capacity 71332K, committed 71936K, reserved 1112064K
  class space    used 8886K, capacity 9127K, committed 9216K, reserved 1048576K
GC Heap History (10 events):
Event: 32.181 GC heap before
{Heap before GC invocations=13 (full 2):
 PSYoungGen      total 159744K, used 143360K [0x00000000ed800000, 0x00000000f9400000, 0x0000000100000000)
  eden space 143360K, 100% used [0x00000000ed800000,0x00000000f6400000,0x00000000f6400000)
  from space 16384K, 0% used [0x00000000f7a80000,0x00000000f7a80000,0x00000000f8a80000)
  to   space 23040K, 0% used [0x00000000f6400000,0x00000000f6400000,0x00000000f7a80000)
 ParOldGen       total 87552K, used 43580K [0x00000000c8800000, 0x00000000cdd80000, 0x00000000ed800000)
  object space 87552K, 49% used [0x00000000c8800000,0x00000000cb28f3e0,0x00000000cdd80000)
 Metaspace       used 40237K, capacity 40976K, committed 41344K, reserved 1085440K
  class space    used 4905K, capacity 5139K, committed 5248K, reserved 1048576K
Event: 32.235 GC heap after
Heap after GC invocations=13 (full 2):
 PSYoungGen      total 166400K, used 11222K [0x00000000ed800000, 0x00000000fb300000, 0x0000000100000000)
  eden space 143360K, 0% used [0x00000000ed800000,0x00000000ed800000,0x00000000f6400000)
  from space 23040K, 48% used [0x00000000f6400000,0x00000000f6ef5a18,0x00000000f7a80000)
  to   space 22528K, 0% used [0x00000000f9d00000,0x00000000f9d00000,0x00000000fb300000)
 ParOldGen       total 87552K, used 43588K [0x00000000c8800000, 0x00000000cdd80000, 0x00000000ed800000)
  object space 87552K, 49% used [0x00000000c8800000,0x00000000cb2913e0,0x00000000cdd80000)
 Metaspace       used 40237K, capacity 40976K, committed 41344K, reserved 1085440K
  class space    used 4905K, capacity 5139K, committed 5248K, reserved 1048576K
}
Event: 39.441 GC heap before
{Heap before GC invocations=14 (full 2):
 PSYoungGen      total 166400K, used 154582K [0x00000000ed800000, 0x00000000fb300000, 0x0000000100000000)
  eden space 143360K, 100% used [0x00000000ed800000,0x00000000f6400000,0x00000000f6400000)
  from space 23040K, 48% used [0x00000000f6400000,0x00000000f6ef5a18,0x00000000f7a80000)
  to   space 22528K, 0% used [0x00000000f9d00000,0x00000000f9d00000,0x00000000fb300000)
 ParOldGen       total 87552K, used 43588K [0x00000000c8800000, 0x00000000cdd80000, 0x00000000ed800000)
  object space 87552K, 49% used [0x00000000c8800000,0x00000000cb2913e0,0x00000000cdd80000)
 Metaspace       used 47309K, capacity 48076K, committed 48384K, reserved 1091584K
  class space    used 5823K, capacity 6045K, committed 6144K, reserved 1048576K
Event: 39.488 GC heap after
Heap after GC invocations=14 (full 2):
 PSYoungGen      total 196608K, used 15940K [0x00000000ed800000, 0x00000000fb180000, 0x0000000100000000)
  eden space 175616K, 0% used [0x00000000ed800000,0x00000000ed800000,0x00000000f8380000)
  from space 20992K, 75% used [0x00000000f9d00000,0x00000000fac91120,0x00000000fb180000)
  to   space 23552K, 0% used [0x00000000f8380000,0x00000000f8380000,0x00000000f9a80000)
 ParOldGen       total 87552K, used 43596K [0x00000000c8800000, 0x00000000cdd80000, 0x00000000ed800000)
  object space 87552K, 49% used [0x00000000c8800000,0x00000000cb2933e0,0x00000000cdd80000)
 Metaspace       used 47309K, capacity 48076K, committed 48384K, reserved 1091584K
  class space    used 5823K, capacity 6045K, committed 6144K, reserved 1048576K
}
Event: 47.262 GC heap before
{Heap before GC invocations=15 (full 2):
 PSYoungGen      total 196608K, used 128446K [0x00000000ed800000, 0x00000000fb180000, 0x0000000100000000)
  eden space 175616K, 64% used [0x00000000ed800000,0x00000000f45de9d8,0x00000000f8380000)
  from space 20992K, 75% used [0x00000000f9d00000,0x00000000fac91120,0x00000000fb180000)
  to   space 23552K, 0% used [0x00000000f8380000,0x00000000f8380000,0x00000000f9a80000)
 ParOldGen       total 87552K, used 43596K [0x00000000c8800000, 0x00000000cdd80000, 0x00000000ed800000)
  object space 87552K, 49% used [0x00000000c8800000,0x00000000cb2933e0,0x00000000cdd80000)
 Metaspace       used 57987K, capacity 58762K, committed 59136K, reserved 1101824K
  class space    used 7310K, capacity 7554K, committed 7680K, reserved 1048576K
Event: 47.334 GC heap after
Heap after GC invocations=15 (full 2):
 PSYoungGen      total 199168K, used 21575K [0x00000000ed800000, 0x00000000fdb80000, 0x0000000100000000)
  eden space 175616K, 0% used [0x00000000ed800000,0x00000000ed800000,0x00000000f8380000)
  from space 23552K, 91% used [0x00000000f8380000,0x00000000f9891d70,0x00000000f9a80000)
  to   space 26624K, 0% used [0x00000000fc180000,0x00000000fc180000,0x00000000fdb80000)
 ParOldGen       total 87552K, used 43604K [0x00000000c8800000, 0x00000000cdd80000, 0x00000000ed800000)
  object space 87552K, 49% used [0x00000000c8800000,0x00000000cb2953e0,0x00000000cdd80000)
 Metaspace       used 57987K, capacity 58762K, committed 59136K, reserved 1101824K
  class space    used 7310K, capacity 7554K, committed 7680K, reserved 1048576K
}
Event: 47.334 GC heap before
{Heap before GC invocations=16 (full 3):
 PSYoungGen      total 199168K, used 21575K [0x00000000ed800000, 0x00000000fdb80000, 0x0000000100000000)
  eden space 175616K, 0% used [0x00000000ed800000,0x00000000ed800000,0x00000000f8380000)
  from space 23552K, 91% used [0x00000000f8380000,0x00000000f9891d70,0x00000000f9a80000)
  to   space 26624K, 0% used [0x00000000fc180000,0x00000000fc180000,0x00000000fdb80000)
 ParOldGen       total 87552K, used 43604K [0x00000000c8800000, 0x00000000cdd80000, 0x00000000ed800000)
  object space 87552K, 49% used [0x00000000c8800000,0x00000000cb2953e0,0x00000000cdd80000)
 Metaspace       used 57987K, capacity 58762K, committed 59136K, reserved 1101824K
  class space    used 7310K, capacity 7554K, committed 7680K, reserved 1048576K
Event: 47.855 GC heap after
Heap after GC invocations=16 (full 3):
 PSYoungGen      total 199168K, used 0K [0x00000000ed800000, 0x00000000fdb80000, 0x0000000100000000)
  eden space 175616K, 0% used [0x00000000ed800000,0x00000000ed800000,0x00000000f8380000)
  from space 23552K, 0% used [0x00000000f8380000,0x00000000f8380000,0x00000000f9a80000)
  to   space 26624K, 0% used [0x00000000fc180000,0x00000000fc180000,0x00000000fdb80000)
 ParOldGen       total 113152K, used 55666K [0x00000000c8800000, 0x00000000cf680000, 0x00000000ed800000)
  object space 113152K, 49% used [0x00000000c8800000,0x00000000cbe5cbd0,0x00000000cf680000)
 Metaspace       used 57987K, capacity 58762K, committed 59136K, reserved 1101824K
  class space    used 7310K, capacity 7554K, committed 7680K, reserved 1048576K
}
Event: 55.736 GC heap before
{Heap before GC invocations=17 (full 3):
 PSYoungGen      total 199168K, used 175616K [0x00000000ed800000, 0x00000000fdb80000, 0x0000000100000000)
  eden space 175616K, 100% used [0x00000000ed800000,0x00000000f8380000,0x00000000f8380000)
  from space 23552K, 0% used [0x00000000f8380000,0x00000000f8380000,0x00000000f9a80000)
  to   space 26624K, 0% used [0x00000000fc180000,0x00000000fc180000,0x00000000fdb80000)
 ParOldGen       total 113152K, used 55666K [0x00000000c8800000, 0x00000000cf680000, 0x00000000ed800000)
  object space 113152K, 49% used [0x00000000c8800000,0x00000000cbe5cbd0,0x00000000cf680000)
 Metaspace       used 66622K, capacity 67472K, committed 68096K, reserved 1107968K
  class space    used 8382K, capacity 8637K, committed 8704K, reserved 1048576K
Event: 55.819 GC heap after
Heap after GC invocations=17 (full 3):
 PSYoungGen      total 235008K, used 15988K [0x00000000ed800000, 0x00000000fd980000, 0x0000000100000000)
  eden space 210432K, 0% used [0x00000000ed800000,0x00000000ed800000,0x00000000fa580000)
  from space 24576K, 65% used [0x00000000fc180000,0x00000000fd11d3e0,0x00000000fd980000)
  to   space 26624K, 0% used [0x00000000fa580000,0x00000000fa580000,0x00000000fbf80000)
 ParOldGen       total 113152K, used 55674K [0x00000000c8800000, 0x00000000cf680000, 0x00000000ed800000)
  object space 113152K, 49% used [0x00000000c8800000,0x00000000cbe5ebd0,0x00000000cf680000)
 Metaspace       used 66622K, capacity 67472K, committed 68096K, reserved 1107968K
  class space    used 8382K, capacity 8637K, committed 8704K, reserved 1048576K
}

